# JRE version: OpenJDK Runtime Environment (22.0.1+8) (build 22.0.1+8-16)
# Java VM: OpenJDK 64-Bit Server VM (22.0.1+8-16, mixed mode, sharing, tiered, compressed oops, compressed class ptrs, g1 gc, windows-amd64)
GC Precious Log:
 CardTable entry size: 512
 Card Set container configuration: InlinePtr #cards 5 size 8 Array Of Cards #cards 12 size 40 Howl #buckets 4 coarsen threshold 1843 Howl Bitmap #cards 512 size 80 coarsen threshold 460 Card regions per heap region 1 cards per card region 2048
 CPUs: 8 total, 8 available
 Memory: 7884M
 Large Page Support: Disabled
 NUMA Support: Disabled
 Compressed Oops: Enabled (32-bit)
 Heap Region Size: 1M
 Heap Min Capacity: 8M
 Heap Initial Capacity: 124M
 Heap Max Capacity: 1972M
 Pre-touch: Disabled
 Parallel Workers: 8
 Concurrent Workers: 2
 Concurrent Refinement Workers: 8
 Periodic GC: Disabled
Heap:
 garbage-first heap   total reserved 2019328K, committed 61440K, used 42085K [0x0000000084c00000, 0x0000000100000000)
  region size 1024K, 20 young (20480K), 3 survivors (3072K)
 Metaspace       used 26293K, committed 26688K, reserved 1114112K
  class space    used 3506K, committed 3648K, reserved 1048576K
GC Heap History (12 events):
Event: 1.355 GC heap before
{Heap before GC invocations=0 (full 0):
 garbage-first heap   total reserved 2019328K, committed 126976K, used 23552K [0x0000000084c00000, 0x0000000100000000)
  region size 1024K, 24 young (24576K), 0 survivors (0K)
 Metaspace       used 4747K, committed 4992K, reserved 1114112K
  class space    used 510K, committed 640K, reserved 1048576K
}
Event: 1.365 GC heap after
{Heap after GC invocations=1 (full 0):
 garbage-first heap   total reserved 2019328K, committed 126976K, used 2645K [0x0000000084c00000, 0x0000000100000000)
  region size 1024K, 3 young (3072K), 3 survivors (3072K)
 Metaspace       used 4747K, committed 4992K, reserved 1114112K
  class space    used 510K, committed 640K, reserved 1048576K
}
Event: 3.104 GC heap before
{Heap before GC invocations=1 (full 0):
 garbage-first heap   total reserved 2019328K, committed 126976K, used 39509K [0x0000000084c00000, 0x0000000100000000)
  region size 1024K, 38 young (38912K), 3 survivors (3072K)
 Metaspace       used 11972K, committed 12288K, reserved 1114112K
  class space    used 1560K, committed 1664K, reserved 1048576K
}
Event: 3.123 GC heap after
{Heap after GC invocations=2 (full 0):
 garbage-first heap   total reserved 2019328K, committed 126976K, used 9207K [0x0000000084c00000, 0x0000000100000000)
  region size 1024K, 5 young (5120K), 5 survivors (5120K)
 Metaspace       used 11972K, committed 12288K, reserved 1114112K
  class space    used 1560K, committed 1664K, reserved 1048576K
}
Event: 10.985 GC heap before
{Heap before GC invocations=2 (full 0):
 garbage-first heap   total reserved 2019328K, committed 126976K, used 57335K [0x0000000084c00000, 0x0000000100000000)
  region size 1024K, 52 young (53248K), 5 survivors (5120K)
 Metaspace       used 21143K, committed 21504K, reserved 1114112K
  class space    used 2902K, committed 3072K, reserved 1048576K
}
Event: 10.998 GC heap after
{Heap after GC invocations=3 (full 0):
 garbage-first heap   total reserved 2019328K, committed 126976K, used 14383K [0x0000000084c00000, 0x0000000100000000)
  region size 1024K, 10 young (10240K), 10 survivors (10240K)
 Metaspace       used 21143K, committed 21504K, reserved 1114112K
  class space    used 2902K, committed 3072K, reserved 1048576K
}
Event: 12.071 GC heap before
{Heap before GC invocations=4 (full 0):
 garbage-first heap   total reserved 2019328K, committed 51200K, used 34863K [0x0000000084c00000, 0x0000000100000000)
  region size 1024K, 30 young (30720K), 10 survivors (10240K)
 Metaspace       used 22441K, committed 22784K, reserved 1114112K
  class space    used 3071K, committed 3200K, reserved 1048576K
}
Event: 12.087 GC heap after
{Heap after GC invocations=5 (full 0):
 garbage-first heap   total reserved 2019328K, committed 51200K, used 16168K [0x0000000084c00000, 0x0000000100000000)
  region size 1024K, 2 young (2048K), 2 survivors (2048K)
 Metaspace       used 22441K, committed 22784K, reserved 1114112K
  class space    used 3071K, committed 3200K, reserved 1048576K
}
Event: 12.999 GC heap before
{Heap before GC invocations=5 (full 0):
 garbage-first heap   total reserved 2019328K, committed 51200K, used 39720K [0x0000000084c00000, 0x0000000100000000)
  region size 1024K, 26 young (26624K), 2 survivors (2048K)
 Metaspace       used 24390K, committed 24704K, reserved 1114112K
  class space    used 3411K, committed 3584K, reserved 1048576K
}
Event: 13.020 GC heap after
{Heap after GC invocations=6 (full 0):
 garbage-first heap   total reserved 2019328K, committed 51200K, used 22464K [0x0000000084c00000, 0x0000000100000000)
  region size 1024K, 4 young (4096K), 4 survivors (4096K)
 Metaspace       used 24390K, committed 24704K, reserved 1114112K
  class space    used 3411K, committed 3584K, reserved 1048576K
}
Event: 34.193 GC heap before
{Heap before GC invocations=6 (full 0):
 garbage-first heap   total reserved 2019328K, committed 51200K, used 40896K [0x0000000084c00000, 0x0000000100000000)
  region size 1024K, 22 young (22528K), 4 survivors (4096K)
 Metaspace       used 25713K, committed 26048K, reserved 1114112K
  class space    used 3470K, committed 3648K, reserved 1048576K
}
Event: 34.205 GC heap after
{Heap after GC invocations=7 (full 0):
 garbage-first heap   total reserved 2019328K, committed 61440K, used 25701K [0x0000000084c00000, 0x0000000100000000)
  region size 1024K, 3 young (3072K), 3 survivors (3072K)
 Metaspace       used 25713K, committed 26048K, reserved 1114112K
  class space    used 3470K, committed 3648K, reserved 1048576K
}

